06-04-2012 00:00:24,295 INFO  - Jeu - Creation  Jeu ./src/test/rdf/.
06-04-2012 00:00:25,881 INFO  - Jeu - Import ./src/test/rdf/ : 1 file(s).
06-04-2012 00:00:25,884 INFO  - Jeu - Connection ./src/test/rdf/ off.
06-04-2012 00:00:25,888 INFO  - Jeu - Creation  Jeu ./src/test/rdf/.
06-04-2012 00:00:25,967 INFO  - Jeu - Import ./src/test/rdf/ : 1 file(s).
06-04-2012 00:00:29,438 INFO  - Jeu - Import ./src/test/rdf/ : 1 file(s).
06-04-2012 00:00:29,603 INFO  - Jeu - Connection ./src/test/rdf/ off.
06-04-2012 00:00:29,604 INFO  - Jeu - Creation  Jeu ./src/test/rdf/.
06-04-2012 00:00:29,637 INFO  - Jeu - Import ./src/test/rdf/ : 1 file(s).
06-04-2012 00:00:29,638 INFO  - Jeu - Connection ./src/test/rdf/ off.
06-04-2012 00:00:29,639 INFO  - Jeu - Creation  Jeu ./src/test/rdf/.
06-04-2012 00:00:29,676 INFO  - Jeu - Import ./src/test/rdf/ : 1 file(s).
06-04-2012 00:00:29,678 INFO  - Jeu - Connection ./src/test/rdf/ off.
06-04-2012 00:00:29,679 INFO  - Jeu - Creation  Jeu ./src/test/rdf/.
06-04-2012 00:00:29,694 INFO  - Jeu - Import ./src/test/rdf/ : 1 file(s).
06-04-2012 00:00:29,694 INFO  - Jeu - Connection ./src/test/rdf/ off.
06-04-2012 00:00:29,695 INFO  - Jeu - Creation  Jeu ./src/test/rdf/.
06-04-2012 00:00:29,762 INFO  - Jeu - Import ./src/test/rdf/ : 1 file(s).
06-04-2012 00:00:29,763 INFO  - Jeu - Connection ./src/test/rdf/ off.
06-04-2012 00:00:29,764 INFO  - Jeu - Creation  Jeu ./src/test/rdf/.
06-04-2012 00:00:29,800 INFO  - Jeu - Import ./src/test/rdf/ : 1 file(s).
06-04-2012 00:00:29,801 INFO  - Jeu - Connection ./src/test/rdf/ off.
06-04-2012 00:00:29,802 INFO  - Jeu - Creation  Jeu ./src/test/rdf/.
06-04-2012 00:00:29,907 INFO  - Jeu - Import ./src/test/rdf/ : 1 file(s).
06-04-2012 00:00:29,907 INFO  - Jeu - Query ./src/test/rdf/ select - SELECT ?s WHERE {?s ?p ?o}
06-04-2012 00:00:31,258 INFO  - Jeu - Connection ./src/test/rdf/ off.
06-04-2012 00:00:31,269 INFO  - Jeu - Creation  Jeu ./src/test/rdf/.
06-04-2012 00:00:31,294 INFO  - Jeu - Import ./src/test/rdf/ : 1 file(s).
06-04-2012 00:00:31,294 INFO  - Jeu - Query ./src/test/rdf/ select - SELECT ?s WHERE {
06-04-2012 00:00:31,304 INFO  - Jeu - Connection ./src/test/rdf/ off.
06-04-2012 00:00:31,304 INFO  - Jeu - Creation  Jeu ./src/test/rdf/.
06-04-2012 00:00:31,317 INFO  - Jeu - Import ./src/test/rdf/ : 1 file(s).
06-04-2012 00:00:31,317 INFO  - Jeu - Query ./src/test/rdf/ update - DELETE DATA {?s ?p ?o}
06-04-2012 00:00:31,451 INFO  - Jeu - Connection ./src/test/rdf/ off.
06-04-2012 00:00:31,452 INFO  - Jeu - Creation  Jeu ./src/test/rdf/.
06-04-2012 00:00:31,469 INFO  - Jeu - Import ./src/test/rdf/ : 1 file(s).
06-04-2012 00:00:31,469 INFO  - Jeu - Query ./src/test/rdf/ update - DELETE DATA 
06-04-2012 00:00:31,474 INFO  - Jeu - Connection ./src/test/rdf/ off.
06-04-2012 00:00:31,475 INFO  - Jeu - Creation  Jeu ./src/test/rdf/.
06-04-2012 00:00:31,491 INFO  - Jeu - Import ./src/test/rdf/ : 1 file(s).
06-04-2012 00:00:31,492 INFO  - Jeu - Commit ./src/test/rdf/ off auto.
06-04-2012 00:00:31,492 INFO  - Jeu - Commit ./src/test/rdf/ on auto.
06-04-2012 00:00:31,492 INFO  - Jeu - Connection ./src/test/rdf/ off.
06-04-2012 00:00:31,493 INFO  - Jeu - Creation  Jeu ./src/test/rdf/.
06-04-2012 00:00:31,544 INFO  - Jeu - Import ./src/test/rdf/ : 1 file(s).
06-04-2012 00:00:31,545 INFO  - Jeu - Commit ./src/test/rdf/ off auto.
06-04-2012 00:00:31,545 INFO  - Jeu - Query ./src/test/rdf/ update - DELETE DATA {?s ?p ?o}
06-04-2012 00:00:31,678 INFO  - Jeu - Commit ./src/test/rdf/.
06-04-2012 00:00:31,679 INFO  - Jeu - Connection ./src/test/rdf/ off.
06-04-2012 00:00:31,680 INFO  - Jeu - Creation  Jeu ./src/test/rdf/.
06-04-2012 00:00:31,743 INFO  - Jeu - Import ./src/test/rdf/ : 1 file(s).
06-04-2012 00:00:31,744 INFO  - Jeu - Commit ./src/test/rdf/ off auto.
06-04-2012 00:00:31,744 INFO  - Jeu - Query ./src/test/rdf/ update - DELETE DATA {?s ?p ?o}
06-04-2012 00:00:31,749 INFO  - Jeu - Commit ./src/test/rdf/ rollback.
06-04-2012 00:00:31,750 INFO  - Jeu - Commit ./src/test/rdf/.
06-04-2012 00:00:31,751 INFO  - Jeu - Connection ./src/test/rdf/ off.
06-04-2012 00:00:31,754 INFO  - Jeu - Creation  Jeu ./src/test/rdf/.
06-04-2012 00:00:31,780 INFO  - Jeu - Import ./src/test/rdf/ : 1 file(s).
06-04-2012 00:00:31,864 INFO  - Jeu - Connection ./src/test/rdf/ off.
06-04-2012 00:00:54,269 INFO  - Jeu - Creation  Jeu ./src/test/rdf/.
06-04-2012 00:00:55,742 INFO  - Jeu - Import ./src/test/rdf/ : 1 file(s).
06-04-2012 00:00:55,750 INFO  - Jeu - Connection ./src/test/rdf/ off.
06-04-2012 00:00:55,798 INFO  - Jeu - Creation  Jeu ./src/test/rdf/.
06-04-2012 00:00:55,915 INFO  - Jeu - Import ./src/test/rdf/ : 1 file(s).
06-04-2012 00:00:59,881 INFO  - Jeu - Import ./src/test/rdf/ : 1 file(s).
06-04-2012 00:01:00,041 INFO  - Jeu - Connection ./src/test/rdf/ off.
06-04-2012 00:01:00,043 INFO  - Jeu - Creation  Jeu ./src/test/rdf/.
06-04-2012 00:01:00,060 INFO  - Jeu - Import ./src/test/rdf/ : 1 file(s).
06-04-2012 00:01:00,060 INFO  - Jeu - Connection ./src/test/rdf/ off.
06-04-2012 00:01:00,061 INFO  - Jeu - Creation  Jeu ./src/test/rdf/.
06-04-2012 00:01:00,117 INFO  - Jeu - Import ./src/test/rdf/ : 1 file(s).
06-04-2012 00:01:00,121 INFO  - Jeu - Connection ./src/test/rdf/ off.
06-04-2012 00:01:00,133 INFO  - Jeu - Creation  Jeu ./src/test/rdf/.
06-04-2012 00:01:00,150 INFO  - Jeu - Import ./src/test/rdf/ : 1 file(s).
06-04-2012 00:01:00,150 INFO  - Jeu - Connection ./src/test/rdf/ off.
06-04-2012 00:01:00,151 INFO  - Jeu - Creation  Jeu ./src/test/rdf/.
06-04-2012 00:01:00,336 INFO  - Jeu - Import ./src/test/rdf/ : 1 file(s).
06-04-2012 00:01:00,337 INFO  - Jeu - Connection ./src/test/rdf/ off.
06-04-2012 00:01:00,341 INFO  - Jeu - Creation  Jeu ./src/test/rdf/.
06-04-2012 00:01:00,379 INFO  - Jeu - Import ./src/test/rdf/ : 1 file(s).
06-04-2012 00:01:00,380 INFO  - Jeu - Connection ./src/test/rdf/ off.
06-04-2012 00:01:00,381 INFO  - Jeu - Creation  Jeu ./src/test/rdf/.
06-04-2012 00:01:00,403 INFO  - Jeu - Import ./src/test/rdf/ : 1 file(s).
06-04-2012 00:01:00,403 INFO  - Jeu - Query ./src/test/rdf/ select - SELECT ?s WHERE {?s ?p ?o}
06-04-2012 00:01:01,651 INFO  - Jeu - Connection ./src/test/rdf/ off.
06-04-2012 00:01:01,659 INFO  - Jeu - Creation  Jeu ./src/test/rdf/.
06-04-2012 00:01:01,675 INFO  - Jeu - Import ./src/test/rdf/ : 1 file(s).
06-04-2012 00:01:01,676 INFO  - Jeu - Query ./src/test/rdf/ select - SELECT ?s WHERE {
06-04-2012 00:01:01,681 INFO  - Jeu - Connection ./src/test/rdf/ off.
06-04-2012 00:01:01,687 INFO  - Jeu - Creation  Jeu ./src/test/rdf/.
06-04-2012 00:01:01,697 INFO  - Jeu - Import ./src/test/rdf/ : 1 file(s).
06-04-2012 00:01:01,698 INFO  - Jeu - Query ./src/test/rdf/ update - DELETE DATA {?s ?p ?o}
06-04-2012 00:01:01,800 INFO  - Jeu - Connection ./src/test/rdf/ off.
06-04-2012 00:01:01,801 INFO  - Jeu - Creation  Jeu ./src/test/rdf/.
06-04-2012 00:01:01,816 INFO  - Jeu - Import ./src/test/rdf/ : 1 file(s).
06-04-2012 00:01:01,816 INFO  - Jeu - Query ./src/test/rdf/ update - DELETE DATA 
06-04-2012 00:01:01,820 INFO  - Jeu - Connection ./src/test/rdf/ off.
06-04-2012 00:01:01,821 INFO  - Jeu - Creation  Jeu ./src/test/rdf/.
06-04-2012 00:01:01,877 INFO  - Jeu - Import ./src/test/rdf/ : 1 file(s).
06-04-2012 00:01:01,877 INFO  - Jeu - Commit ./src/test/rdf/ off auto.
06-04-2012 00:01:01,878 INFO  - Jeu - Commit ./src/test/rdf/ on auto.
06-04-2012 00:01:01,882 INFO  - Jeu - Connection ./src/test/rdf/ off.
06-04-2012 00:01:01,883 INFO  - Jeu - Creation  Jeu ./src/test/rdf/.
06-04-2012 00:01:02,001 INFO  - Jeu - Import ./src/test/rdf/ : 1 file(s).
06-04-2012 00:01:02,001 INFO  - Jeu - Commit ./src/test/rdf/ off auto.
06-04-2012 00:01:02,002 INFO  - Jeu - Query ./src/test/rdf/ update - DELETE DATA {?s ?p ?o}
06-04-2012 00:01:02,043 INFO  - Jeu - Commit ./src/test/rdf/.
06-04-2012 00:01:02,046 INFO  - Jeu - Connection ./src/test/rdf/ off.
06-04-2012 00:01:02,047 INFO  - Jeu - Creation  Jeu ./src/test/rdf/.
06-04-2012 00:01:02,065 INFO  - Jeu - Import ./src/test/rdf/ : 1 file(s).
06-04-2012 00:01:02,066 INFO  - Jeu - Commit ./src/test/rdf/ off auto.
06-04-2012 00:01:02,066 INFO  - Jeu - Query ./src/test/rdf/ update - DELETE DATA {?s ?p ?o}
06-04-2012 00:01:02,077 INFO  - Jeu - Commit ./src/test/rdf/ rollback.
06-04-2012 00:01:02,078 INFO  - Jeu - Commit ./src/test/rdf/.
06-04-2012 00:01:02,079 INFO  - Jeu - Connection ./src/test/rdf/ off.
06-04-2012 00:01:02,100 INFO  - Jeu - Creation  Jeu ./src/test/rdf/.
06-04-2012 00:01:02,136 INFO  - Jeu - Import ./src/test/rdf/ : 1 file(s).
06-04-2012 00:01:02,183 INFO  - Jeu - Connection ./src/test/rdf/ off.
06-04-2012 00:01:59,854 INFO  - Jeu - Creation  Jeu ./src/test/rdf/.
06-04-2012 00:02:01,356 INFO  - Jeu - Import ./src/test/rdf/ : 1 file(s).
06-04-2012 00:02:01,371 INFO  - Jeu - Connection ./src/test/rdf/ off.
06-04-2012 00:02:01,389 INFO  - Jeu - Creation  Jeu ./src/test/rdf/.
06-04-2012 00:02:01,623 INFO  - Jeu - Import ./src/test/rdf/ : 1 file(s).
06-04-2012 00:02:05,101 INFO  - Jeu - Import ./src/test/rdf/ : 1 file(s).
06-04-2012 00:02:05,261 INFO  - Jeu - Connection ./src/test/rdf/ off.
06-04-2012 00:02:05,265 INFO  - Jeu - Creation  Jeu ./src/test/rdf/.
06-04-2012 00:02:05,321 INFO  - Jeu - Import ./src/test/rdf/ : 1 file(s).
06-04-2012 00:02:05,322 INFO  - Jeu - Connection ./src/test/rdf/ off.
06-04-2012 00:02:05,325 INFO  - Jeu - Creation  Jeu ./src/test/rdf/.
06-04-2012 00:02:05,349 INFO  - Jeu - Import ./src/test/rdf/ : 1 file(s).
06-04-2012 00:02:05,382 INFO  - Jeu - Connection ./src/test/rdf/ off.
06-04-2012 00:02:05,383 INFO  - Jeu - Creation  Jeu ./src/test/rdf/.
06-04-2012 00:02:05,400 INFO  - Jeu - Import ./src/test/rdf/ : 1 file(s).
06-04-2012 00:02:05,401 INFO  - Jeu - Connection ./src/test/rdf/ off.
06-04-2012 00:02:05,402 INFO  - Jeu - Creation  Jeu ./src/test/rdf/.
06-04-2012 00:02:05,463 INFO  - Jeu - Import ./src/test/rdf/ : 1 file(s).
06-04-2012 00:02:05,463 INFO  - Jeu - Connection ./src/test/rdf/ off.
06-04-2012 00:02:05,464 INFO  - Jeu - Creation  Jeu ./src/test/rdf/.
06-04-2012 00:02:05,511 INFO  - Jeu - Import ./src/test/rdf/ : 1 file(s).
06-04-2012 00:02:05,639 INFO  - Jeu - Connection ./src/test/rdf/ off.
06-04-2012 00:02:05,645 INFO  - Jeu - Creation  Jeu ./src/test/rdf/.
06-04-2012 00:02:05,672 INFO  - Jeu - Import ./src/test/rdf/ : 1 file(s).
06-04-2012 00:02:05,672 INFO  - Jeu - Query ./src/test/rdf/ select - SELECT ?s WHERE {?s ?p ?o}
06-04-2012 00:02:06,889 INFO  - Jeu - Connection ./src/test/rdf/ off.
06-04-2012 00:02:06,902 INFO  - Jeu - Creation  Jeu ./src/test/rdf/.
06-04-2012 00:02:06,916 INFO  - Jeu - Import ./src/test/rdf/ : 1 file(s).
06-04-2012 00:02:06,916 INFO  - Jeu - Query ./src/test/rdf/ select - SELECT ?s WHERE {
06-04-2012 00:02:06,922 INFO  - Jeu - Connection ./src/test/rdf/ off.
06-04-2012 00:02:06,923 INFO  - Jeu - Creation  Jeu ./src/test/rdf/.
06-04-2012 00:02:06,936 INFO  - Jeu - Import ./src/test/rdf/ : 1 file(s).
06-04-2012 00:02:06,947 INFO  - Jeu - Query ./src/test/rdf/ update - DELETE DATA {?s ?p ?o}
06-04-2012 00:02:07,116 INFO  - Jeu - Connection ./src/test/rdf/ off.
06-04-2012 00:02:07,117 INFO  - Jeu - Creation  Jeu ./src/test/rdf/.
06-04-2012 00:02:07,134 INFO  - Jeu - Import ./src/test/rdf/ : 1 file(s).
06-04-2012 00:02:07,134 INFO  - Jeu - Query ./src/test/rdf/ update - DELETE DATA 
06-04-2012 00:02:07,138 INFO  - Jeu - Connection ./src/test/rdf/ off.
06-04-2012 00:02:07,139 INFO  - Jeu - Creation  Jeu ./src/test/rdf/.
06-04-2012 00:02:07,159 INFO  - Jeu - Import ./src/test/rdf/ : 1 file(s).
06-04-2012 00:02:07,160 INFO  - Jeu - Commit ./src/test/rdf/ off auto.
06-04-2012 00:02:07,160 INFO  - Jeu - Commit ./src/test/rdf/ on auto.
06-04-2012 00:02:07,160 INFO  - Jeu - Connection ./src/test/rdf/ off.
06-04-2012 00:02:07,161 INFO  - Jeu - Creation  Jeu ./src/test/rdf/.
06-04-2012 00:02:07,184 INFO  - Jeu - Import ./src/test/rdf/ : 1 file(s).
06-04-2012 00:02:07,185 INFO  - Jeu - Commit ./src/test/rdf/ off auto.
06-04-2012 00:02:07,185 INFO  - Jeu - Query ./src/test/rdf/ update - DELETE DATA {?s ?p ?o}
06-04-2012 00:02:07,210 INFO  - Jeu - Commit ./src/test/rdf/.
06-04-2012 00:02:07,211 INFO  - Jeu - Connection ./src/test/rdf/ off.
06-04-2012 00:02:07,212 INFO  - Jeu - Creation  Jeu ./src/test/rdf/.
06-04-2012 00:02:07,315 INFO  - Jeu - Import ./src/test/rdf/ : 1 file(s).
06-04-2012 00:02:07,315 INFO  - Jeu - Commit ./src/test/rdf/ off auto.
06-04-2012 00:02:07,316 INFO  - Jeu - Query ./src/test/rdf/ update - DELETE DATA {?s ?p ?o}
06-04-2012 00:02:07,321 INFO  - Jeu - Commit ./src/test/rdf/ rollback.
06-04-2012 00:02:07,329 INFO  - Jeu - Commit ./src/test/rdf/.
06-04-2012 00:02:07,330 INFO  - Jeu - Connection ./src/test/rdf/ off.
06-04-2012 00:02:07,341 INFO  - Jeu - Creation  Jeu ./src/test/rdf/.
06-04-2012 00:02:07,435 INFO  - Jeu - Import ./src/test/rdf/ : 1 file(s).
06-04-2012 00:02:07,501 INFO  - Jeu - Connection ./src/test/rdf/ off.
