18-04-2012 22:56:29,676 INFO  - Linkage - Predicate geo:nom has 343 statement(s) in http://localhost:8080/openrdf-sesame/ - geo-insee.
18-04-2012 22:56:29,700 INFO  - Linkage - Predicate passim:cityThrough has 31 statement(s) in http://localhost:8080/openrdf-sesame/ - passim-propre.
18-04-2012 22:56:29,702 INFO  - Linkage - Predicate passim:cityThrough and geo:nom have 31 common statement(s) in geo:nom - passim:cityThrough.
18-04-2012 22:56:29,702 INFO  - App - New links from http://localhost:8080/openrdf-sesame/ - geo-insee to http://localhost:8080/openrdf-sesame/ - passim-propre retrieved.
18-04-2012 22:59:28,876 INFO  - Linkage - Predicate geo:nom has 343 statement(s) in http://localhost:8080/openrdf-sesame/ - geo-insee.
18-04-2012 22:59:28,929 INFO  - Linkage - Predicate passim:cityThrough has 31 statement(s) in http://localhost:8080/openrdf-sesame/ - passim-propre.
18-04-2012 22:59:28,931 INFO  - Linkage - Predicate passim:cityThrough and geo:nom have 31 common statement(s) in geo:nom - passim:cityThrough.
18-04-2012 22:59:28,931 INFO  - App - New links from http://localhost:8080/openrdf-sesame/ - geo-insee to http://localhost:8080/openrdf-sesame/ - passim-propre retrieved.
18-04-2012 22:59:28,937 INFO  - App - Export http://localhost:8080/openrdf-sesame/ - geo-insee - http://localhost:8080/openrdf-sesame/ - passim-propre output - /Users/Will/Desktop/test.txt
18-04-2012 22:59:28,938 INFO  - App - Shutdown app http://localhost:8080/openrdf-sesame/ - geo-insee - http://localhost:8080/openrdf-sesame/ - passim-propre
18-04-2012 22:59:55,908 INFO  - Linkage - Predicate geo:nom has 343 statement(s) in http://localhost:8080/openrdf-sesame/ - geo-insee.
18-04-2012 22:59:56,022 INFO  - Linkage - Predicate passim:cityThrough has 31 statement(s) in http://localhost:8080/openrdf-sesame/ - passim-propre.
18-04-2012 22:59:56,025 INFO  - Linkage - Predicate passim:cityThrough and geo:nom have 31 common statement(s) in geo:nom - passim:cityThrough.
18-04-2012 22:59:56,025 INFO  - App - New links from http://localhost:8080/openrdf-sesame/ - geo-insee to http://localhost:8080/openrdf-sesame/ - passim-propre retrieved.
18-04-2012 22:59:56,030 INFO  - App - Export http://localhost:8080/openrdf-sesame/ - geo-insee - http://localhost:8080/openrdf-sesame/ - passim-propre output - /Users/Will/Desktop/test.txt
18-04-2012 22:59:56,032 INFO  - App - Shutdown app http://localhost:8080/openrdf-sesame/ - geo-insee - http://localhost:8080/openrdf-sesame/ - passim-propre
18-04-2012 23:00:10,576 INFO  - Linkage - Predicate geo:nom has 343 statement(s) in http://localhost:8080/openrdf-sesame/ - geo-insee.
18-04-2012 23:00:10,600 INFO  - Linkage - Predicate passim:cityThrough has 31 statement(s) in http://localhost:8080/openrdf-sesame/ - passim-propre.
18-04-2012 23:00:10,602 INFO  - Linkage - Predicate passim:cityThrough and geo:nom have 31 common statement(s) in geo:nom - passim:cityThrough.
18-04-2012 23:00:10,676 INFO  - App - New links from http://localhost:8080/openrdf-sesame/ - geo-insee to http://localhost:8080/openrdf-sesame/ - passim-propre retrieved.
18-04-2012 23:00:10,697 INFO  - App - Shutdown app http://localhost:8080/openrdf-sesame/ - geo-insee - http://localhost:8080/openrdf-sesame/ - passim-propre
18-04-2012 23:02:28,818 INFO  - Linkage - Predicate geo:nom has 343 statement(s) in http://localhost:8080/openrdf-sesame/ - geo-insee.
18-04-2012 23:02:28,848 INFO  - Linkage - Predicate passim:cityThrough has 31 statement(s) in http://localhost:8080/openrdf-sesame/ - passim-propre.
18-04-2012 23:02:28,850 INFO  - Linkage - Predicate passim:cityThrough and geo:nom have 31 common statement(s) in geo:nom - passim:cityThrough.
18-04-2012 23:02:28,850 INFO  - App - New links from http://localhost:8080/openrdf-sesame/ - geo-insee to http://localhost:8080/openrdf-sesame/ - passim-propre retrieved.
18-04-2012 23:02:28,883 INFO  - App - Shutdown app http://localhost:8080/openrdf-sesame/ - geo-insee - http://localhost:8080/openrdf-sesame/ - passim-propre
18-04-2012 23:03:08,152 INFO  - Linkage - Predicate geo:nom has 0 statement(s) in http://localhost:8080/openrdf-sesame/ - geo-insee.
18-04-2012 23:03:08,180 INFO  - Linkage - Predicate passim:department has 4 statement(s) in http://localhost:8080/openrdf-sesame/ - passim-propre.
18-04-2012 23:03:08,181 INFO  - Linkage - Predicate passim:department and geo:nom have 0 common statement(s) in geo:nom - passim:department.
18-04-2012 23:03:08,181 INFO  - App - New links from http://localhost:8080/openrdf-sesame/ - geo-insee to http://localhost:8080/openrdf-sesame/ - passim-propre retrieved.
18-04-2012 23:03:08,182 INFO  - App - Shutdown app http://localhost:8080/openrdf-sesame/ - geo-insee - http://localhost:8080/openrdf-sesame/ - passim-propre
18-04-2012 23:04:36,069 INFO  - Linkage - Predicate geo:nom has 343 statement(s) in http://localhost:8080/openrdf-sesame/ - geo-insee.
18-04-2012 23:04:36,091 INFO  - Linkage - Predicate passim:centerTown has 4 statement(s) in http://localhost:8080/openrdf-sesame/ - passim-propre.
18-04-2012 23:04:36,110 INFO  - Linkage - Predicate passim:centerTown and geo:nom have 1 common statement(s) in geo:nom - passim:centerTown.
18-04-2012 23:04:36,110 INFO  - App - New links from http://localhost:8080/openrdf-sesame/ - geo-insee to http://localhost:8080/openrdf-sesame/ - passim-propre retrieved.
18-04-2012 23:04:36,114 INFO  - App - Shutdown app http://localhost:8080/openrdf-sesame/ - geo-insee - http://localhost:8080/openrdf-sesame/ - passim-propre
18-04-2012 23:04:57,914 INFO  - Linkage - Predicate geo:nom has 343 statement(s) in http://localhost:8080/openrdf-sesame/ - geo-insee.
18-04-2012 23:04:57,972 INFO  - Linkage - Predicate passim:centerTown has 4 statement(s) in http://localhost:8080/openrdf-sesame/ - passim-propre.
18-04-2012 23:04:57,974 INFO  - Linkage - Predicate passim:centerTown and geo:nom have 1 common statement(s) in geo:nom - passim:centerTown.
18-04-2012 23:04:57,974 INFO  - App - New links from http://localhost:8080/openrdf-sesame/ - geo-insee to http://localhost:8080/openrdf-sesame/ - passim-propre retrieved.
18-04-2012 23:04:58,282 INFO  - App - Data set http://localhost:8080/openrdf-sesame/ - passim-propre updated.
18-04-2012 23:04:58,285 INFO  - App - Shutdown app http://localhost:8080/openrdf-sesame/ - geo-insee - http://localhost:8080/openrdf-sesame/ - passim-propre
18-04-2012 23:04:59,040 INFO  - Linkage - Predicate geo:nom has 343 statement(s) in http://localhost:8080/openrdf-sesame/ - geo-insee.
18-04-2012 23:04:59,062 INFO  - Linkage - Predicate passim:centerTown has 4 statement(s) in http://localhost:8080/openrdf-sesame/ - passim-propre.
18-04-2012 23:04:59,062 INFO  - Linkage - Predicate passim:centerTown and geo:nom have 0 common statement(s) in geo:nom - passim:centerTown.
18-04-2012 23:04:59,065 INFO  - App - New links from http://localhost:8080/openrdf-sesame/ - geo-insee to http://localhost:8080/openrdf-sesame/ - passim-propre retrieved.
18-04-2012 23:04:59,066 INFO  - App - Data set http://localhost:8080/openrdf-sesame/ - passim-propre updated.
18-04-2012 23:04:59,068 INFO  - App - Shutdown app http://localhost:8080/openrdf-sesame/ - geo-insee - http://localhost:8080/openrdf-sesame/ - passim-propre
18-04-2012 23:05:57,053 INFO  - Linkage - Predicate geo:nom has 343 statement(s) in http://localhost:8080/openrdf-sesame/ - geo-insee.
18-04-2012 23:05:57,086 INFO  - Linkage - Predicate passim:centerTown has 4 statement(s) in http://localhost:8080/openrdf-sesame/ - passim-propre.
18-04-2012 23:05:57,086 INFO  - Linkage - Predicate passim:centerTown and geo:nom have 0 common statement(s) in geo:nom - passim:centerTown.
18-04-2012 23:05:57,087 INFO  - App - New links from http://localhost:8080/openrdf-sesame/ - geo-insee to http://localhost:8080/openrdf-sesame/ - passim-propre retrieved.
18-04-2012 23:05:57,087 INFO  - App - Data set http://localhost:8080/openrdf-sesame/ - passim-propre updated.
18-04-2012 23:05:57,088 INFO  - App - Shutdown app http://localhost:8080/openrdf-sesame/ - geo-insee - http://localhost:8080/openrdf-sesame/ - passim-propre
